2026-04-28 10:09:24.224 [email-sender] ERROR org.example.util.EmailService - [EmailService] SMTP Error - Type: MailConnectException, Message: Couldn't connect to host, port: smtp.gmail.com, 587; timeout 5000
2026-04-28 10:09:24.224 [email-sender] ERROR org.example.util.EmailService - [EmailService] SMTP Error - Type: MailConnectException, Message: Couldn't connect to host, port: smtp.gmail.com, 587; timeout 5000
2026-04-28 10:09:24.260 [email-sender] ERROR org.example.util.EmailService - [EmailService] Failed to send confirmation email to sarahlaroussi65@gmail.com
com.sun.mail.util.MailConnectException: Couldn't connect to host, port: smtp.gmail.com, 587; timeout 5000
	at com.sun.mail.smtp.SMTPTransport.openServer(SMTPTransport.java:2210) ~[jakarta.mail-2.0.1.jar:2.0.1]
	at com.sun.mail.smtp.SMTPTransport.protocolConnect(SMTPTransport.java:722) ~[jakarta.mail-2.0.1.jar:2.0.1]
	at jakarta.mail.Service.connect(Service.java:364) ~[jakarta.mail-2.0.1.jar:2.0.1]
	at jakarta.mail.Service.connect(Service.java:222) ~[jakarta.mail-2.0.1.jar:2.0.1]
	at jakarta.mail.Service.connect(Service.java:171) ~[jakarta.mail-2.0.1.jar:2.0.1]
	at jakarta.mail.Transport.send0(Transport.java:230) ~[jakarta.mail-2.0.1.jar:2.0.1]
	at jakarta.mail.Transport.send(Transport.java:100) ~[jakarta.mail-2.0.1.jar:2.0.1]
	at org.example.util.EmailService.sendEmail(EmailService.java:315) ~[classes/:?]
	at org.example.util.EmailService.sendReservationConfirmation(EmailService.java:78) [classes/:?]
	at org.example.StudentApp.lambda$showReservationDialog$1(StudentApp.java:715) [classes/:?]
	at java.base/java.lang.Thread.run(Thread.java:1474) [?:?]
Caused by: java.net.SocketTimeoutException: Connect timed out
	at java.base/sun.nio.ch.NioSocketImpl.timedFinishConnect(NioSocketImpl.java:547) ~[?:?]
	at java.base/sun.nio.ch.NioSocketImpl.connect(NioSocketImpl.java:594) ~[?:?]
	at java.base/java.net.SocksSocketImpl.connect(SocksSocketImpl.java:284) ~[?:?]
	at java.base/java.net.Socket.connect(Socket.java:659) ~[?:?]
	at com.sun.mail.util.SocketFetcher.createSocket(SocketFetcher.java:333) ~[jakarta.mail-2.0.1.jar:2.0.1]
	at com.sun.mail.util.SocketFetcher.getSocket(SocketFetcher.java:214) ~[jakarta.mail-2.0.1.jar:2.0.1]
	at com.sun.mail.smtp.SMTPTransport.openServer(SMTPTransport.java:2160) ~[jakarta.mail-2.0.1.jar:2.0.1]
	... 10 more
2026-04-28 10:09:24.260 [email-sender] ERROR org.example.util.EmailService - [EmailService] Failed to send confirmation email to sarahlaroussi65@gmail.com
com.sun.mail.util.MailConnectException: Couldn't connect to host, port: smtp.gmail.com, 587; timeout 5000
	at com.sun.mail.smtp.SMTPTransport.openServer(SMTPTransport.java:2210) ~[jakarta.mail-2.0.1.jar:2.0.1]
	at com.sun.mail.smtp.SMTPTransport.protocolConnect(SMTPTransport.java:722) ~[jakarta.mail-2.0.1.jar:2.0.1]
	at jakarta.mail.Service.connect(Service.java:364) ~[jakarta.mail-2.0.1.jar:2.0.1]
	at jakarta.mail.Service.connect(Service.java:222) ~[jakarta.mail-2.0.1.jar:2.0.1]
	at jakarta.mail.Service.connect(Service.java:171) ~[jakarta.mail-2.0.1.jar:2.0.1]
	at jakarta.mail.Transport.send0(Transport.java:230) ~[jakarta.mail-2.0.1.jar:2.0.1]
	at jakarta.mail.Transport.send(Transport.java:100) ~[jakarta.mail-2.0.1.jar:2.0.1]
	at org.example.util.EmailService.sendEmail(EmailService.java:315) ~[classes/:?]
	at org.example.util.EmailService.sendReservationConfirmation(EmailService.java:78) [classes/:?]
	at org.example.StudentApp.lambda$showReservationDialog$1(StudentApp.java:715) [classes/:?]
	at java.base/java.lang.Thread.run(Thread.java:1474) [?:?]
Caused by: java.net.SocketTimeoutException: Connect timed out
	at java.base/sun.nio.ch.NioSocketImpl.timedFinishConnect(NioSocketImpl.java:547) ~[?:?]
	at java.base/sun.nio.ch.NioSocketImpl.connect(NioSocketImpl.java:594) ~[?:?]
	at java.base/java.net.SocksSocketImpl.connect(SocksSocketImpl.java:284) ~[?:?]
	at java.base/java.net.Socket.connect(Socket.java:659) ~[?:?]
	at com.sun.mail.util.SocketFetcher.createSocket(SocketFetcher.java:333) ~[jakarta.mail-2.0.1.jar:2.0.1]
	at com.sun.mail.util.SocketFetcher.getSocket(SocketFetcher.java:214) ~[jakarta.mail-2.0.1.jar:2.0.1]
	at com.sun.mail.smtp.SMTPTransport.openServer(SMTPTransport.java:2160) ~[jakarta.mail-2.0.1.jar:2.0.1]
	... 10 more
2026-04-28 10:11:06.933 [email-sender] ERROR org.example.util.EmailService - [EmailService] SMTP Error - Type: MailConnectException, Message: Couldn't connect to host, port: smtp.gmail.com, 587; timeout 5000
2026-04-28 10:11:06.933 [email-sender] ERROR org.example.util.EmailService - [EmailService] SMTP Error - Type: MailConnectException, Message: Couldn't connect to host, port: smtp.gmail.com, 587; timeout 5000
2026-04-28 10:11:06.935 [email-sender] ERROR org.example.util.EmailService - [EmailService] Failed to send confirmation email to sarahlaroussi65@gmail.com
com.sun.mail.util.MailConnectException: Couldn't connect to host, port: smtp.gmail.com, 587; timeout 5000
	at com.sun.mail.smtp.SMTPTransport.openServer(SMTPTransport.java:2210) ~[jakarta.mail-2.0.1.jar:2.0.1]
	at com.sun.mail.smtp.SMTPTransport.protocolConnect(SMTPTransport.java:722) ~[jakarta.mail-2.0.1.jar:2.0.1]
	at jakarta.mail.Service.connect(Service.java:364) ~[jakarta.mail-2.0.1.jar:2.0.1]
	at jakarta.mail.Service.connect(Service.java:222) ~[jakarta.mail-2.0.1.jar:2.0.1]
	at jakarta.mail.Service.connect(Service.java:171) ~[jakarta.mail-2.0.1.jar:2.0.1]
	at jakarta.mail.Transport.send0(Transport.java:230) ~[jakarta.mail-2.0.1.jar:2.0.1]
	at jakarta.mail.Transport.send(Transport.java:100) ~[jakarta.mail-2.0.1.jar:2.0.1]
	at org.example.util.EmailService.sendEmail(EmailService.java:315) ~[classes/:?]
	at org.example.util.EmailService.sendReservationConfirmation(EmailService.java:78) [classes/:?]
	at org.example.StudentApp.lambda$showReservationDialog$1(StudentApp.java:715) [classes/:?]
	at java.base/java.lang.Thread.run(Thread.java:1474) [?:?]
Caused by: java.net.SocketTimeoutException: Connect timed out
	at java.base/sun.nio.ch.NioSocketImpl.timedFinishConnect(NioSocketImpl.java:547) ~[?:?]
	at java.base/sun.nio.ch.NioSocketImpl.connect(NioSocketImpl.java:594) ~[?:?]
	at java.base/java.net.SocksSocketImpl.connect(SocksSocketImpl.java:284) ~[?:?]
	at java.base/java.net.Socket.connect(Socket.java:659) ~[?:?]
	at com.sun.mail.util.SocketFetcher.createSocket(SocketFetcher.java:333) ~[jakarta.mail-2.0.1.jar:2.0.1]
	at com.sun.mail.util.SocketFetcher.getSocket(SocketFetcher.java:214) ~[jakarta.mail-2.0.1.jar:2.0.1]
	at com.sun.mail.smtp.SMTPTransport.openServer(SMTPTransport.java:2160) ~[jakarta.mail-2.0.1.jar:2.0.1]
	... 10 more
2026-04-28 10:11:06.935 [email-sender] ERROR org.example.util.EmailService - [EmailService] Failed to send confirmation email to sarahlaroussi65@gmail.com
com.sun.mail.util.MailConnectException: Couldn't connect to host, port: smtp.gmail.com, 587; timeout 5000
	at com.sun.mail.smtp.SMTPTransport.openServer(SMTPTransport.java:2210) ~[jakarta.mail-2.0.1.jar:2.0.1]
	at com.sun.mail.smtp.SMTPTransport.protocolConnect(SMTPTransport.java:722) ~[jakarta.mail-2.0.1.jar:2.0.1]
	at jakarta.mail.Service.connect(Service.java:364) ~[jakarta.mail-2.0.1.jar:2.0.1]
	at jakarta.mail.Service.connect(Service.java:222) ~[jakarta.mail-2.0.1.jar:2.0.1]
	at jakarta.mail.Service.connect(Service.java:171) ~[jakarta.mail-2.0.1.jar:2.0.1]
	at jakarta.mail.Transport.send0(Transport.java:230) ~[jakarta.mail-2.0.1.jar:2.0.1]
	at jakarta.mail.Transport.send(Transport.java:100) ~[jakarta.mail-2.0.1.jar:2.0.1]
	at org.example.util.EmailService.sendEmail(EmailService.java:315) ~[classes/:?]
	at org.example.util.EmailService.sendReservationConfirmation(EmailService.java:78) [classes/:?]
	at org.example.StudentApp.lambda$showReservationDialog$1(StudentApp.java:715) [classes/:?]
	at java.base/java.lang.Thread.run(Thread.java:1474) [?:?]
Caused by: java.net.SocketTimeoutException: Connect timed out
	at java.base/sun.nio.ch.NioSocketImpl.timedFinishConnect(NioSocketImpl.java:547) ~[?:?]
	at java.base/sun.nio.ch.NioSocketImpl.connect(NioSocketImpl.java:594) ~[?:?]
	at java.base/java.net.SocksSocketImpl.connect(SocksSocketImpl.java:284) ~[?:?]
	at java.base/java.net.Socket.connect(Socket.java:659) ~[?:?]
	at com.sun.mail.util.SocketFetcher.createSocket(SocketFetcher.java:333) ~[jakarta.mail-2.0.1.jar:2.0.1]
	at com.sun.mail.util.SocketFetcher.getSocket(SocketFetcher.java:214) ~[jakarta.mail-2.0.1.jar:2.0.1]
	at com.sun.mail.smtp.SMTPTransport.openServer(SMTPTransport.java:2160) ~[jakarta.mail-2.0.1.jar:2.0.1]
	... 10 more
2026-04-28 10:13:08.956 [email-sender] ERROR org.example.util.EmailService - [EmailService] SMTP Error - Type: MailConnectException, Message: Couldn't connect to host, port: smtp.gmail.com, 587; timeout 5000
2026-04-28 10:13:08.956 [email-sender] ERROR org.example.util.EmailService - [EmailService] SMTP Error - Type: MailConnectException, Message: Couldn't connect to host, port: smtp.gmail.com, 587; timeout 5000
2026-04-28 10:13:08.959 [email-sender] ERROR org.example.util.EmailService - [EmailService] Failed to send confirmation email to sarahlaroussi65@gmail.com
com.sun.mail.util.MailConnectException: Couldn't connect to host, port: smtp.gmail.com, 587; timeout 5000
	at com.sun.mail.smtp.SMTPTransport.openServer(SMTPTransport.java:2210) ~[jakarta.mail-2.0.1.jar:2.0.1]
	at com.sun.mail.smtp.SMTPTransport.protocolConnect(SMTPTransport.java:722) ~[jakarta.mail-2.0.1.jar:2.0.1]
	at jakarta.mail.Service.connect(Service.java:364) ~[jakarta.mail-2.0.1.jar:2.0.1]
	at jakarta.mail.Service.connect(Service.java:222) ~[jakarta.mail-2.0.1.jar:2.0.1]
	at jakarta.mail.Service.connect(Service.java:171) ~[jakarta.mail-2.0.1.jar:2.0.1]
	at jakarta.mail.Transport.send0(Transport.java:230) ~[jakarta.mail-2.0.1.jar:2.0.1]
	at jakarta.mail.Transport.send(Transport.java:100) ~[jakarta.mail-2.0.1.jar:2.0.1]
	at org.example.util.EmailService.sendEmail(EmailService.java:315) ~[classes/:?]
	at org.example.util.EmailService.sendReservationConfirmation(EmailService.java:78) [classes/:?]
	at org.example.StudentApp.lambda$showReservationDialog$1(StudentApp.java:715) [classes/:?]
	at java.base/java.lang.Thread.run(Thread.java:1474) [?:?]
Caused by: java.net.SocketTimeoutException: Connect timed out
	at java.base/sun.nio.ch.NioSocketImpl.timedFinishConnect(NioSocketImpl.java:547) ~[?:?]
	at java.base/sun.nio.ch.NioSocketImpl.connect(NioSocketImpl.java:594) ~[?:?]
	at java.base/java.net.SocksSocketImpl.connect(SocksSocketImpl.java:284) ~[?:?]
	at java.base/java.net.Socket.connect(Socket.java:659) ~[?:?]
	at com.sun.mail.util.SocketFetcher.createSocket(SocketFetcher.java:333) ~[jakarta.mail-2.0.1.jar:2.0.1]
	at com.sun.mail.util.SocketFetcher.getSocket(SocketFetcher.java:214) ~[jakarta.mail-2.0.1.jar:2.0.1]
	at com.sun.mail.smtp.SMTPTransport.openServer(SMTPTransport.java:2160) ~[jakarta.mail-2.0.1.jar:2.0.1]
	... 10 more
2026-04-28 10:13:08.959 [email-sender] ERROR org.example.util.EmailService - [EmailService] Failed to send confirmation email to sarahlaroussi65@gmail.com
com.sun.mail.util.MailConnectException: Couldn't connect to host, port: smtp.gmail.com, 587; timeout 5000
	at com.sun.mail.smtp.SMTPTransport.openServer(SMTPTransport.java:2210) ~[jakarta.mail-2.0.1.jar:2.0.1]
	at com.sun.mail.smtp.SMTPTransport.protocolConnect(SMTPTransport.java:722) ~[jakarta.mail-2.0.1.jar:2.0.1]
	at jakarta.mail.Service.connect(Service.java:364) ~[jakarta.mail-2.0.1.jar:2.0.1]
	at jakarta.mail.Service.connect(Service.java:222) ~[jakarta.mail-2.0.1.jar:2.0.1]
	at jakarta.mail.Service.connect(Service.java:171) ~[jakarta.mail-2.0.1.jar:2.0.1]
	at jakarta.mail.Transport.send0(Transport.java:230) ~[jakarta.mail-2.0.1.jar:2.0.1]
	at jakarta.mail.Transport.send(Transport.java:100) ~[jakarta.mail-2.0.1.jar:2.0.1]
	at org.example.util.EmailService.sendEmail(EmailService.java:315) ~[classes/:?]
	at org.example.util.EmailService.sendReservationConfirmation(EmailService.java:78) [classes/:?]
	at org.example.StudentApp.lambda$showReservationDialog$1(StudentApp.java:715) [classes/:?]
	at java.base/java.lang.Thread.run(Thread.java:1474) [?:?]
Caused by: java.net.SocketTimeoutException: Connect timed out
	at java.base/sun.nio.ch.NioSocketImpl.timedFinishConnect(NioSocketImpl.java:547) ~[?:?]
	at java.base/sun.nio.ch.NioSocketImpl.connect(NioSocketImpl.java:594) ~[?:?]
	at java.base/java.net.SocksSocketImpl.connect(SocksSocketImpl.java:284) ~[?:?]
	at java.base/java.net.Socket.connect(Socket.java:659) ~[?:?]
	at com.sun.mail.util.SocketFetcher.createSocket(SocketFetcher.java:333) ~[jakarta.mail-2.0.1.jar:2.0.1]
	at com.sun.mail.util.SocketFetcher.getSocket(SocketFetcher.java:214) ~[jakarta.mail-2.0.1.jar:2.0.1]
	at com.sun.mail.smtp.SMTPTransport.openServer(SMTPTransport.java:2160) ~[jakarta.mail-2.0.1.jar:2.0.1]
	... 10 more
2026-04-28 11:03:59.911 [email-sender] ERROR org.example.util.EmailService - [EmailService] Failed to send confirmation email to sarahlaroussi65@gmailcom
jakarta.mail.MessagingException: Exception reading response
	at com.sun.mail.smtp.SMTPTransport.readServerResponse(SMTPTransport.java:2476) ~[jakarta.mail-2.0.1.jar:2.0.1]
	at com.sun.mail.smtp.SMTPTransport.issueSendCommand(SMTPTransport.java:2353) ~[jakarta.mail-2.0.1.jar:2.0.1]
	at com.sun.mail.smtp.SMTPTransport.finishData(SMTPTransport.java:2095) ~[jakarta.mail-2.0.1.jar:2.0.1]
	at com.sun.mail.smtp.SMTPTransport.sendMessage(SMTPTransport.java:1301) ~[jakarta.mail-2.0.1.jar:2.0.1]
	at jakarta.mail.Transport.send0(Transport.java:231) ~[jakarta.mail-2.0.1.jar:2.0.1]
	at jakarta.mail.Transport.send(Transport.java:100) ~[jakarta.mail-2.0.1.jar:2.0.1]
	at org.example.util.EmailService.sendEmail(EmailService.java:392) ~[classes/:?]
	at org.example.util.EmailService.sendReservationConfirmation(EmailService.java:78) [classes/:?]
	at org.example.StudentApp.lambda$showReservationDialog$1(StudentApp.java:715) [classes/:?]
	at java.base/java.lang.Thread.run(Thread.java:1474) [?:?]
Caused by: java.net.SocketException: Connection reset
	at java.base/sun.nio.ch.NioSocketImpl.implRead(NioSocketImpl.java:316) ~[?:?]
	at java.base/sun.nio.ch.NioSocketImpl.read(NioSocketImpl.java:354) ~[?:?]
	at java.base/sun.nio.ch.NioSocketImpl$1.read(NioSocketImpl.java:798) ~[?:?]
	at java.base/java.net.Socket$SocketInputStream.implRead(Socket.java:974) ~[?:?]
	at java.base/java.net.Socket$SocketInputStream.read(Socket.java:964) ~[?:?]
	at java.base/sun.security.ssl.SSLSocketInputRecord.read(SSLSocketInputRecord.java:489) ~[?:?]
	at java.base/sun.security.ssl.SSLSocketInputRecord.readHeader(SSLSocketInputRecord.java:483) ~[?:?]
	at java.base/sun.security.ssl.SSLSocketInputRecord.bytesInCompletePacket(SSLSocketInputRecord.java:70) ~[?:?]
	at java.base/sun.security.ssl.SSLSocketImpl.readApplicationRecord(SSLSocketImpl.java:1461) ~[?:?]
	at java.base/sun.security.ssl.SSLSocketImpl$AppInputStream.read(SSLSocketImpl.java:1068) ~[?:?]
	at com.sun.mail.util.TraceInputStream.read(TraceInputStream.java:102) ~[jakarta.mail-2.0.1.jar:2.0.1]
	at java.base/java.io.BufferedInputStream.fill(BufferedInputStream.java:289) ~[?:?]
	at java.base/java.io.BufferedInputStream.read(BufferedInputStream.java:308) ~[?:?]
	at com.sun.mail.util.LineInputStream.readLine(LineInputStream.java:100) ~[jakarta.mail-2.0.1.jar:2.0.1]
	at com.sun.mail.smtp.SMTPTransport.readServerResponse(SMTPTransport.java:2456) ~[jakarta.mail-2.0.1.jar:2.0.1]
	... 9 more
2026-04-28 11:03:59.911 [email-sender] ERROR org.example.util.EmailService - [EmailService] Failed to send confirmation email to sarahlaroussi65@gmailcom
jakarta.mail.MessagingException: Exception reading response
	at com.sun.mail.smtp.SMTPTransport.readServerResponse(SMTPTransport.java:2476) ~[jakarta.mail-2.0.1.jar:2.0.1]
	at com.sun.mail.smtp.SMTPTransport.issueSendCommand(SMTPTransport.java:2353) ~[jakarta.mail-2.0.1.jar:2.0.1]
	at com.sun.mail.smtp.SMTPTransport.finishData(SMTPTransport.java:2095) ~[jakarta.mail-2.0.1.jar:2.0.1]
	at com.sun.mail.smtp.SMTPTransport.sendMessage(SMTPTransport.java:1301) ~[jakarta.mail-2.0.1.jar:2.0.1]
	at jakarta.mail.Transport.send0(Transport.java:231) ~[jakarta.mail-2.0.1.jar:2.0.1]
	at jakarta.mail.Transport.send(Transport.java:100) ~[jakarta.mail-2.0.1.jar:2.0.1]
	at org.example.util.EmailService.sendEmail(EmailService.java:392) ~[classes/:?]
	at org.example.util.EmailService.sendReservationConfirmation(EmailService.java:78) [classes/:?]
	at org.example.StudentApp.lambda$showReservationDialog$1(StudentApp.java:715) [classes/:?]
	at java.base/java.lang.Thread.run(Thread.java:1474) [?:?]
Caused by: java.net.SocketException: Connection reset
	at java.base/sun.nio.ch.NioSocketImpl.implRead(NioSocketImpl.java:316) ~[?:?]
	at java.base/sun.nio.ch.NioSocketImpl.read(NioSocketImpl.java:354) ~[?:?]
	at java.base/sun.nio.ch.NioSocketImpl$1.read(NioSocketImpl.java:798) ~[?:?]
	at java.base/java.net.Socket$SocketInputStream.implRead(Socket.java:974) ~[?:?]
	at java.base/java.net.Socket$SocketInputStream.read(Socket.java:964) ~[?:?]
	at java.base/sun.security.ssl.SSLSocketInputRecord.read(SSLSocketInputRecord.java:489) ~[?:?]
	at java.base/sun.security.ssl.SSLSocketInputRecord.readHeader(SSLSocketInputRecord.java:483) ~[?:?]
	at java.base/sun.security.ssl.SSLSocketInputRecord.bytesInCompletePacket(SSLSocketInputRecord.java:70) ~[?:?]
	at java.base/sun.security.ssl.SSLSocketImpl.readApplicationRecord(SSLSocketImpl.java:1461) ~[?:?]
	at java.base/sun.security.ssl.SSLSocketImpl$AppInputStream.read(SSLSocketImpl.java:1068) ~[?:?]
	at com.sun.mail.util.TraceInputStream.read(TraceInputStream.java:102) ~[jakarta.mail-2.0.1.jar:2.0.1]
	at java.base/java.io.BufferedInputStream.fill(BufferedInputStream.java:289) ~[?:?]
	at java.base/java.io.BufferedInputStream.read(BufferedInputStream.java:308) ~[?:?]
	at com.sun.mail.util.LineInputStream.readLine(LineInputStream.java:100) ~[jakarta.mail-2.0.1.jar:2.0.1]
	at com.sun.mail.smtp.SMTPTransport.readServerResponse(SMTPTransport.java:2456) ~[jakarta.mail-2.0.1.jar:2.0.1]
	... 9 more
2026-04-28 21:17:27.646 [JavaFX Application Thread] ERROR org.example.config.DatabaseConnection - Failed to initialize database connection pool
com.zaxxer.hikari.pool.HikariPool$PoolInitializationException: Failed to initialize pool: Communications link failure

The last packet sent successfully to the server was 0 milliseconds ago. The driver has not received any packets from the server.
	at com.zaxxer.hikari.pool.HikariPool.throwPoolInitializationException(HikariPool.java:584) ~[HikariCP-5.1.0.jar:?]
	at com.zaxxer.hikari.pool.HikariPool.checkFailFast(HikariPool.java:571) ~[HikariCP-5.1.0.jar:?]
	at com.zaxxer.hikari.pool.HikariPool.<init>(HikariPool.java:98) ~[HikariCP-5.1.0.jar:?]
	at com.zaxxer.hikari.HikariDataSource.<init>(HikariDataSource.java:80) ~[HikariCP-5.1.0.jar:?]
	at org.example.config.DatabaseConnection.<clinit>(DatabaseConnection.java:49) [classes/:?]
	at org.example.Main.initializeDatabase(Main.java:239) [classes/:?]
	at org.example.Main.start(Main.java:37) [classes/:?]
	at javafx.graphics/com.sun.javafx.application.LauncherImpl.lambda$launchApplication1$9(LauncherImpl.java:839) [javafx-graphics-21.0.2-win.jar:?]
	at javafx.graphics/com.sun.javafx.application.PlatformImpl.lambda$runAndWait$12(PlatformImpl.java:483) [javafx-graphics-21.0.2-win.jar:?]
	at javafx.graphics/com.sun.javafx.application.PlatformImpl.lambda$runLater$10(PlatformImpl.java:456) [javafx-graphics-21.0.2-win.jar:?]
	at java.base/java.security.AccessController.doPrivileged(AccessController.java:138) [?:?]
	at javafx.graphics/com.sun.javafx.application.PlatformImpl.lambda$runLater$11(PlatformImpl.java:455) [javafx-graphics-21.0.2-win.jar:?]
	at javafx.graphics/com.sun.glass.ui.InvokeLaterDispatcher$Future.run(InvokeLaterDispatcher.java:95) [javafx-graphics-21.0.2-win.jar:?]
	at javafx.graphics/com.sun.glass.ui.win.WinApplication._runLoop(Native Method) [javafx-graphics-21.0.2-win.jar:?]
	at javafx.graphics/com.sun.glass.ui.win.WinApplication.lambda$runLoop$3(WinApplication.java:185) [javafx-graphics-21.0.2-win.jar:?]
	at java.base/java.lang.Thread.run(Thread.java:1474) [?:?]
Caused by: com.mysql.cj.jdbc.exceptions.CommunicationsException: Communications link failure

The last packet sent successfully to the server was 0 milliseconds ago. The driver has not received any packets from the server.
	at com.mysql.cj.jdbc.exceptions.SQLError.createCommunicationsException(SQLError.java:165) ~[mysql-connector-j-8.4.0.jar:8.4.0]
	at com.mysql.cj.jdbc.exceptions.SQLExceptionsMapping.translateException(SQLExceptionsMapping.java:55) ~[mysql-connector-j-8.4.0.jar:8.4.0]
	at com.mysql.cj.jdbc.ConnectionImpl.createNewIO(ConnectionImpl.java:861) ~[mysql-connector-j-8.4.0.jar:8.4.0]
	at com.mysql.cj.jdbc.ConnectionImpl.<init>(ConnectionImpl.java:449) ~[mysql-connector-j-8.4.0.jar:8.4.0]
	at com.mysql.cj.jdbc.ConnectionImpl.getInstance(ConnectionImpl.java:234) ~[mysql-connector-j-8.4.0.jar:8.4.0]
	at com.mysql.cj.jdbc.NonRegisteringDriver.connect(NonRegisteringDriver.java:180) ~[mysql-connector-j-8.4.0.jar:8.4.0]
	at com.zaxxer.hikari.util.DriverDataSource.getConnection(DriverDataSource.java:137) ~[HikariCP-5.1.0.jar:?]
	at com.zaxxer.hikari.pool.PoolBase.newConnection(PoolBase.java:360) ~[HikariCP-5.1.0.jar:?]
	at com.zaxxer.hikari.pool.PoolBase.newPoolEntry(PoolBase.java:202) ~[HikariCP-5.1.0.jar:?]
	at com.zaxxer.hikari.pool.HikariPool.createPoolEntry(HikariPool.java:461) ~[HikariCP-5.1.0.jar:?]
	at com.zaxxer.hikari.pool.HikariPool.checkFailFast(HikariPool.java:550) ~[HikariCP-5.1.0.jar:?]
	... 14 more
Caused by: com.mysql.cj.exceptions.CJCommunicationsException: Communications link failure

The last packet sent successfully to the server was 0 milliseconds ago. The driver has not received any packets from the server.
	at java.base/jdk.internal.reflect.DirectConstructorHandleAccessor.newInstance(DirectConstructorHandleAccessor.java:62) ~[?:?]
	at java.base/java.lang.reflect.Constructor.newInstanceWithCaller(Constructor.java:499) ~[?:?]
	at java.base/java.lang.reflect.Constructor.newInstance(Constructor.java:483) ~[?:?]
	at com.mysql.cj.exceptions.ExceptionFactory.createException(ExceptionFactory.java:52) ~[mysql-connector-j-8.4.0.jar:8.4.0]
	at com.mysql.cj.exceptions.ExceptionFactory.createException(ExceptionFactory.java:95) ~[mysql-connector-j-8.4.0.jar:8.4.0]
	at com.mysql.cj.exceptions.ExceptionFactory.createException(ExceptionFactory.java:140) ~[mysql-connector-j-8.4.0.jar:8.4.0]
	at com.mysql.cj.exceptions.ExceptionFactory.createCommunicationsException(ExceptionFactory.java:156) ~[mysql-connector-j-8.4.0.jar:8.4.0]
	at com.mysql.cj.protocol.a.NativeSocketConnection.connect(NativeSocketConnection.java:79) ~[mysql-connector-j-8.4.0.jar:8.4.0]
	at com.mysql.cj.NativeSession.connect(NativeSession.java:139) ~[mysql-connector-j-8.4.0.jar:8.4.0]
	at com.mysql.cj.jdbc.ConnectionImpl.connectOneTryOnly(ConnectionImpl.java:980) ~[mysql-connector-j-8.4.0.jar:8.4.0]
	at com.mysql.cj.jdbc.ConnectionImpl.createNewIO(ConnectionImpl.java:851) ~[mysql-connector-j-8.4.0.jar:8.4.0]
	at com.mysql.cj.jdbc.ConnectionImpl.<init>(ConnectionImpl.java:449) ~[mysql-connector-j-8.4.0.jar:8.4.0]
	at com.mysql.cj.jdbc.ConnectionImpl.getInstance(ConnectionImpl.java:234) ~[mysql-connector-j-8.4.0.jar:8.4.0]
	at com.mysql.cj.jdbc.NonRegisteringDriver.connect(NonRegisteringDriver.java:180) ~[mysql-connector-j-8.4.0.jar:8.4.0]
	at com.zaxxer.hikari.util.DriverDataSource.getConnection(DriverDataSource.java:137) ~[HikariCP-5.1.0.jar:?]
	at com.zaxxer.hikari.pool.PoolBase.newConnection(PoolBase.java:360) ~[HikariCP-5.1.0.jar:?]
	at com.zaxxer.hikari.pool.PoolBase.newPoolEntry(PoolBase.java:202) ~[HikariCP-5.1.0.jar:?]
	at com.zaxxer.hikari.pool.HikariPool.createPoolEntry(HikariPool.java:461) ~[HikariCP-5.1.0.jar:?]
	at com.zaxxer.hikari.pool.HikariPool.checkFailFast(HikariPool.java:550) ~[HikariCP-5.1.0.jar:?]
	... 14 more
Caused by: java.net.ConnectException: Connection refused: getsockopt
	at java.base/sun.nio.ch.Net.pollConnect(Native Method) ~[?:?]
	at java.base/sun.nio.ch.Net.pollConnectNow(Net.java:639) ~[?:?]
	at java.base/sun.nio.ch.NioSocketImpl.timedFinishConnect(NioSocketImpl.java:543) ~[?:?]
	at java.base/sun.nio.ch.NioSocketImpl.connect(NioSocketImpl.java:594) ~[?:?]
	at java.base/java.net.SocksSocketImpl.connect(SocksSocketImpl.java:284) ~[?:?]
	at java.base/java.net.Socket.connect(Socket.java:659) ~[?:?]
	at com.mysql.cj.protocol.StandardSocketFactory.connect(StandardSocketFactory.java:144) ~[mysql-connector-j-8.4.0.jar:8.4.0]
	at com.mysql.cj.protocol.a.NativeSocketConnection.connect(NativeSocketConnection.java:53) ~[mysql-connector-j-8.4.0.jar:8.4.0]
	at com.mysql.cj.NativeSession.connect(NativeSession.java:139) ~[mysql-connector-j-8.4.0.jar:8.4.0]
	at com.mysql.cj.jdbc.ConnectionImpl.connectOneTryOnly(ConnectionImpl.java:980) ~[mysql-connector-j-8.4.0.jar:8.4.0]
	at com.mysql.cj.jdbc.ConnectionImpl.createNewIO(ConnectionImpl.java:851) ~[mysql-connector-j-8.4.0.jar:8.4.0]
	at com.mysql.cj.jdbc.ConnectionImpl.<init>(ConnectionImpl.java:449) ~[mysql-connector-j-8.4.0.jar:8.4.0]
	at com.mysql.cj.jdbc.ConnectionImpl.getInstance(ConnectionImpl.java:234) ~[mysql-connector-j-8.4.0.jar:8.4.0]
	at com.mysql.cj.jdbc.NonRegisteringDriver.connect(NonRegisteringDriver.java:180) ~[mysql-connector-j-8.4.0.jar:8.4.0]
	at com.zaxxer.hikari.util.DriverDataSource.getConnection(DriverDataSource.java:137) ~[HikariCP-5.1.0.jar:?]
	at com.zaxxer.hikari.pool.PoolBase.newConnection(PoolBase.java:360) ~[HikariCP-5.1.0.jar:?]
	at com.zaxxer.hikari.pool.PoolBase.newPoolEntry(PoolBase.java:202) ~[HikariCP-5.1.0.jar:?]
	at com.zaxxer.hikari.pool.HikariPool.createPoolEntry(HikariPool.java:461) ~[HikariCP-5.1.0.jar:?]
	at com.zaxxer.hikari.pool.HikariPool.checkFailFast(HikariPool.java:550) ~[HikariCP-5.1.0.jar:?]
	... 14 more
2026-04-28 21:17:27.646 [JavaFX Application Thread] ERROR org.example.config.DatabaseConnection - Failed to initialize database connection pool
com.zaxxer.hikari.pool.HikariPool$PoolInitializationException: Failed to initialize pool: Communications link failure

The last packet sent successfully to the server was 0 milliseconds ago. The driver has not received any packets from the server.
	at com.zaxxer.hikari.pool.HikariPool.throwPoolInitializationException(HikariPool.java:584) ~[HikariCP-5.1.0.jar:?]
	at com.zaxxer.hikari.pool.HikariPool.checkFailFast(HikariPool.java:571) ~[HikariCP-5.1.0.jar:?]
	at com.zaxxer.hikari.pool.HikariPool.<init>(HikariPool.java:98) ~[HikariCP-5.1.0.jar:?]
	at com.zaxxer.hikari.HikariDataSource.<init>(HikariDataSource.java:80) ~[HikariCP-5.1.0.jar:?]
	at org.example.config.DatabaseConnection.<clinit>(DatabaseConnection.java:49) [classes/:?]
	at org.example.Main.initializeDatabase(Main.java:239) [classes/:?]
	at org.example.Main.start(Main.java:37) [classes/:?]
	at javafx.graphics/com.sun.javafx.application.LauncherImpl.lambda$launchApplication1$9(LauncherImpl.java:839) [javafx-graphics-21.0.2-win.jar:?]
	at javafx.graphics/com.sun.javafx.application.PlatformImpl.lambda$runAndWait$12(PlatformImpl.java:483) [javafx-graphics-21.0.2-win.jar:?]
	at javafx.graphics/com.sun.javafx.application.PlatformImpl.lambda$runLater$10(PlatformImpl.java:456) [javafx-graphics-21.0.2-win.jar:?]
	at java.base/java.security.AccessController.doPrivileged(AccessController.java:138) [?:?]
	at javafx.graphics/com.sun.javafx.application.PlatformImpl.lambda$runLater$11(PlatformImpl.java:455) [javafx-graphics-21.0.2-win.jar:?]
	at javafx.graphics/com.sun.glass.ui.InvokeLaterDispatcher$Future.run(InvokeLaterDispatcher.java:95) [javafx-graphics-21.0.2-win.jar:?]
	at javafx.graphics/com.sun.glass.ui.win.WinApplication._runLoop(Native Method) [javafx-graphics-21.0.2-win.jar:?]
	at javafx.graphics/com.sun.glass.ui.win.WinApplication.lambda$runLoop$3(WinApplication.java:185) [javafx-graphics-21.0.2-win.jar:?]
	at java.base/java.lang.Thread.run(Thread.java:1474) [?:?]
Caused by: com.mysql.cj.jdbc.exceptions.CommunicationsException: Communications link failure

The last packet sent successfully to the server was 0 milliseconds ago. The driver has not received any packets from the server.
	at com.mysql.cj.jdbc.exceptions.SQLError.createCommunicationsException(SQLError.java:165) ~[mysql-connector-j-8.4.0.jar:8.4.0]
	at com.mysql.cj.jdbc.exceptions.SQLExceptionsMapping.translateException(SQLExceptionsMapping.java:55) ~[mysql-connector-j-8.4.0.jar:8.4.0]
	at com.mysql.cj.jdbc.ConnectionImpl.createNewIO(ConnectionImpl.java:861) ~[mysql-connector-j-8.4.0.jar:8.4.0]
	at com.mysql.cj.jdbc.ConnectionImpl.<init>(ConnectionImpl.java:449) ~[mysql-connector-j-8.4.0.jar:8.4.0]
	at com.mysql.cj.jdbc.ConnectionImpl.getInstance(ConnectionImpl.java:234) ~[mysql-connector-j-8.4.0.jar:8.4.0]
	at com.mysql.cj.jdbc.NonRegisteringDriver.connect(NonRegisteringDriver.java:180) ~[mysql-connector-j-8.4.0.jar:8.4.0]
	at com.zaxxer.hikari.util.DriverDataSource.getConnection(DriverDataSource.java:137) ~[HikariCP-5.1.0.jar:?]
	at com.zaxxer.hikari.pool.PoolBase.newConnection(PoolBase.java:360) ~[HikariCP-5.1.0.jar:?]
	at com.zaxxer.hikari.pool.PoolBase.newPoolEntry(PoolBase.java:202) ~[HikariCP-5.1.0.jar:?]
	at com.zaxxer.hikari.pool.HikariPool.createPoolEntry(HikariPool.java:461) ~[HikariCP-5.1.0.jar:?]
	at com.zaxxer.hikari.pool.HikariPool.checkFailFast(HikariPool.java:550) ~[HikariCP-5.1.0.jar:?]
	... 14 more
Caused by: com.mysql.cj.exceptions.CJCommunicationsException: Communications link failure

The last packet sent successfully to the server was 0 milliseconds ago. The driver has not received any packets from the server.
	at java.base/jdk.internal.reflect.DirectConstructorHandleAccessor.newInstance(DirectConstructorHandleAccessor.java:62) ~[?:?]
	at java.base/java.lang.reflect.Constructor.newInstanceWithCaller(Constructor.java:499) ~[?:?]
	at java.base/java.lang.reflect.Constructor.newInstance(Constructor.java:483) ~[?:?]
	at com.mysql.cj.exceptions.ExceptionFactory.createException(ExceptionFactory.java:52) ~[mysql-connector-j-8.4.0.jar:8.4.0]
	at com.mysql.cj.exceptions.ExceptionFactory.createException(ExceptionFactory.java:95) ~[mysql-connector-j-8.4.0.jar:8.4.0]
	at com.mysql.cj.exceptions.ExceptionFactory.createException(ExceptionFactory.java:140) ~[mysql-connector-j-8.4.0.jar:8.4.0]
	at com.mysql.cj.exceptions.ExceptionFactory.createCommunicationsException(ExceptionFactory.java:156) ~[mysql-connector-j-8.4.0.jar:8.4.0]
	at com.mysql.cj.protocol.a.NativeSocketConnection.connect(NativeSocketConnection.java:79) ~[mysql-connector-j-8.4.0.jar:8.4.0]
	at com.mysql.cj.NativeSession.connect(NativeSession.java:139) ~[mysql-connector-j-8.4.0.jar:8.4.0]
	at com.mysql.cj.jdbc.ConnectionImpl.connectOneTryOnly(ConnectionImpl.java:980) ~[mysql-connector-j-8.4.0.jar:8.4.0]
	at com.mysql.cj.jdbc.ConnectionImpl.createNewIO(ConnectionImpl.java:851) ~[mysql-connector-j-8.4.0.jar:8.4.0]
	at com.mysql.cj.jdbc.ConnectionImpl.<init>(ConnectionImpl.java:449) ~[mysql-connector-j-8.4.0.jar:8.4.0]
	at com.mysql.cj.jdbc.ConnectionImpl.getInstance(ConnectionImpl.java:234) ~[mysql-connector-j-8.4.0.jar:8.4.0]
	at com.mysql.cj.jdbc.NonRegisteringDriver.connect(NonRegisteringDriver.java:180) ~[mysql-connector-j-8.4.0.jar:8.4.0]
	at com.zaxxer.hikari.util.DriverDataSource.getConnection(DriverDataSource.java:137) ~[HikariCP-5.1.0.jar:?]
	at com.zaxxer.hikari.pool.PoolBase.newConnection(PoolBase.java:360) ~[HikariCP-5.1.0.jar:?]
	at com.zaxxer.hikari.pool.PoolBase.newPoolEntry(PoolBase.java:202) ~[HikariCP-5.1.0.jar:?]
	at com.zaxxer.hikari.pool.HikariPool.createPoolEntry(HikariPool.java:461) ~[HikariCP-5.1.0.jar:?]
	at com.zaxxer.hikari.pool.HikariPool.checkFailFast(HikariPool.java:550) ~[HikariCP-5.1.0.jar:?]
	... 14 more
Caused by: java.net.ConnectException: Connection refused: getsockopt
	at java.base/sun.nio.ch.Net.pollConnect(Native Method) ~[?:?]
	at java.base/sun.nio.ch.Net.pollConnectNow(Net.java:639) ~[?:?]
	at java.base/sun.nio.ch.NioSocketImpl.timedFinishConnect(NioSocketImpl.java:543) ~[?:?]
	at java.base/sun.nio.ch.NioSocketImpl.connect(NioSocketImpl.java:594) ~[?:?]
	at java.base/java.net.SocksSocketImpl.connect(SocksSocketImpl.java:284) ~[?:?]
	at java.base/java.net.Socket.connect(Socket.java:659) ~[?:?]
	at com.mysql.cj.protocol.StandardSocketFactory.connect(StandardSocketFactory.java:144) ~[mysql-connector-j-8.4.0.jar:8.4.0]
	at com.mysql.cj.protocol.a.NativeSocketConnection.connect(NativeSocketConnection.java:53) ~[mysql-connector-j-8.4.0.jar:8.4.0]
	at com.mysql.cj.NativeSession.connect(NativeSession.java:139) ~[mysql-connector-j-8.4.0.jar:8.4.0]
	at com.mysql.cj.jdbc.ConnectionImpl.connectOneTryOnly(ConnectionImpl.java:980) ~[mysql-connector-j-8.4.0.jar:8.4.0]
	at com.mysql.cj.jdbc.ConnectionImpl.createNewIO(ConnectionImpl.java:851) ~[mysql-connector-j-8.4.0.jar:8.4.0]
	at com.mysql.cj.jdbc.ConnectionImpl.<init>(ConnectionImpl.java:449) ~[mysql-connector-j-8.4.0.jar:8.4.0]
	at com.mysql.cj.jdbc.ConnectionImpl.getInstance(ConnectionImpl.java:234) ~[mysql-connector-j-8.4.0.jar:8.4.0]
	at com.mysql.cj.jdbc.NonRegisteringDriver.connect(NonRegisteringDriver.java:180) ~[mysql-connector-j-8.4.0.jar:8.4.0]
	at com.zaxxer.hikari.util.DriverDataSource.getConnection(DriverDataSource.java:137) ~[HikariCP-5.1.0.jar:?]
	at com.zaxxer.hikari.pool.PoolBase.newConnection(PoolBase.java:360) ~[HikariCP-5.1.0.jar:?]
	at com.zaxxer.hikari.pool.PoolBase.newPoolEntry(PoolBase.java:202) ~[HikariCP-5.1.0.jar:?]
	at com.zaxxer.hikari.pool.HikariPool.createPoolEntry(HikariPool.java:461) ~[HikariCP-5.1.0.jar:?]
	at com.zaxxer.hikari.pool.HikariPool.checkFailFast(HikariPool.java:550) ~[HikariCP-5.1.0.jar:?]
	... 14 more
